[debug] [2024-04-01T14:29:07.171Z] ----------------------------------------------------------------------
[debug] [2024-04-01T14:29:07.176Z] Command:       C:\Program Files\nodejs\node.exe C:\Users\Ganesh Waje\AppData\Roaming\npm\node_modules\firebase-tools\lib\bin\firebase.js init
[debug] [2024-04-01T14:29:07.177Z] CLI Version:   13.6.0
[debug] [2024-04-01T14:29:07.177Z] Platform:      win32
[debug] [2024-04-01T14:29:07.178Z] Node Version:  v19.3.0
[debug] [2024-04-01T14:29:07.178Z] Time:          Mon Apr 01 2024 19:59:07 GMT+0530 (India Standard Time)
[debug] [2024-04-01T14:29:07.178Z] ----------------------------------------------------------------------
[debug] 
[debug] [2024-04-01T14:29:07.184Z] >>> [apiv2][query] GET https://firebase-public.firebaseio.com/cli.json [none]
[debug] [2024-04-01T14:29:07.235Z] > command requires scopes: ["email","openid","https://www.googleapis.com/auth/cloudplatformprojects.readonly","https://www.googleapis.com/auth/firebase","https://www.googleapis.com/auth/cloud-platform"]
[debug] [2024-04-01T14:29:07.235Z] > authorizing via signed-in user (gsw7517@gmail.com)
[info] 
     ######## #### ########  ######## ########     ###     ######  ########
     ##        ##  ##     ## ##       ##     ##  ##   ##  ##       ##
     ######    ##  ########  ######   ########  #########  ######  ######
     ##        ##  ##    ##  ##       ##     ## ##     ##       ## ##
     ##       #### ##     ## ######## ########  ##     ##  ######  ########

You're about to initialize a Firebase project in this directory:

  C:\Users\Ganesh Waje\Desktop\PDL-moves\movie

[debug] [2024-04-01T14:29:07.849Z] <<< [apiv2][status] GET https://firebase-public.firebaseio.com/cli.json 200
[debug] [2024-04-01T14:29:07.850Z] <<< [apiv2][body] GET https://firebase-public.firebaseio.com/cli.json {"cloudBuildErrorAfter":1594252800000,"cloudBuildWarnAfter":1590019200000,"defaultNode10After":1594252800000,"minVersion":"3.0.5","node8DeploysDisabledAfter":1613390400000,"node8RuntimeDisabledAfter":1615809600000,"node8WarnAfter":1600128000000}
